# JRE version: OpenJDK Runtime Environment (17.0.6) (build 17.0.6+0-b2043.56-10027231)
# Java VM: OpenJDK 64-Bit Server VM (17.0.6+0-b2043.56-10027231, mixed mode, tiered, compressed oops, compressed class ptrs, g1 gc, windows-amd64)
GC Precious Log:
 CPUs: 8 total, 8 available
 Memory: 7932M
 Large Page Support: Disabled
 NUMA Support: Disabled
 Compressed Oops: Enabled (32-bit)
 Heap Region Size: 1M
 Heap Min Capacity: 8M
 Heap Initial Capacity: 124M
 Heap Max Capacity: 1536M
 Pre-touch: Disabled
 Parallel Workers: 8
 Concurrent Workers: 2
 Concurrent Refinement Workers: 8
 Periodic GC: Disabled
Heap:
 garbage-first heap   total 135168K, used 80530K [0x00000000a0000000, 0x0000000100000000)
  region size 1024K, 4 young (4096K), 4 survivors (4096K)
 Metaspace       used 90432K, committed 91136K, reserved 1130496K
  class space    used 12492K, committed 12800K, reserved 1048576K
GC Heap History (20 events):
Event: 15.190 GC heap after
{Heap after GC invocations=22 (full 0):
 garbage-first heap   total 122880K, used 62764K [0x00000000a0000000, 0x0000000100000000)
  region size 1024K, 6 young (6144K), 6 survivors (6144K)
 Metaspace       used 74061K, committed 74688K, reserved 1114112K
  class space    used 10001K, committed 10304K, reserved 1048576K
}
Event: 15.583 GC heap before
{Heap before GC invocations=23 (full 0):
 garbage-first heap   total 132096K, used 102700K [0x00000000a0000000, 0x0000000100000000)
  region size 1024K, 40 young (40960K), 6 survivors (6144K)
 Metaspace       used 76400K, committed 76928K, reserved 1122304K
  class space    used 10317K, committed 10560K, reserved 1048576K
}
Event: 15.588 GC heap after
{Heap after GC invocations=24 (full 0):
 garbage-first heap   total 132096K, used 63591K [0x00000000a0000000, 0x0000000100000000)
  region size 1024K, 3 young (3072K), 3 survivors (3072K)
 Metaspace       used 76400K, committed 76928K, reserved 1122304K
  class space    used 10317K, committed 10560K, reserved 1048576K
}
Event: 15.716 GC heap before
{Heap before GC invocations=24 (full 0):
 garbage-first heap   total 132096K, used 73831K [0x00000000a0000000, 0x0000000100000000)
  region size 1024K, 14 young (14336K), 3 survivors (3072K)
 Metaspace       used 77322K, committed 77888K, reserved 1122304K
  class space    used 10412K, committed 10688K, reserved 1048576K
}
Event: 15.719 GC heap after
{Heap after GC invocations=25 (full 0):
 garbage-first heap   total 132096K, used 64214K [0x00000000a0000000, 0x0000000100000000)
  region size 1024K, 4 young (4096K), 4 survivors (4096K)
 Metaspace       used 77322K, committed 77888K, reserved 1122304K
  class space    used 10412K, committed 10688K, reserved 1048576K
}
Event: 16.310 GC heap before
{Heap before GC invocations=26 (full 0):
 garbage-first heap   total 132096K, used 108246K [0x00000000a0000000, 0x0000000100000000)
  region size 1024K, 46 young (47104K), 4 survivors (4096K)
 Metaspace       used 80412K, committed 81024K, reserved 1122304K
  class space    used 10828K, committed 11072K, reserved 1048576K
}
Event: 16.315 GC heap after
{Heap after GC invocations=27 (full 0):
 garbage-first heap   total 132096K, used 66805K [0x00000000a0000000, 0x0000000100000000)
  region size 1024K, 6 young (6144K), 6 survivors (6144K)
 Metaspace       used 80412K, committed 81024K, reserved 1122304K
  class space    used 10828K, committed 11072K, reserved 1048576K
}
Event: 16.595 GC heap before
{Heap before GC invocations=27 (full 0):
 garbage-first heap   total 132096K, used 108789K [0x00000000a0000000, 0x0000000100000000)
  region size 1024K, 47 young (48128K), 6 survivors (6144K)
 Metaspace       used 80841K, committed 81536K, reserved 1122304K
  class space    used 10911K, committed 11200K, reserved 1048576K
}
Event: 16.602 GC heap after
{Heap after GC invocations=28 (full 0):
 garbage-first heap   total 132096K, used 68902K [0x00000000a0000000, 0x0000000100000000)
  region size 1024K, 5 young (5120K), 5 survivors (5120K)
 Metaspace       used 80841K, committed 81536K, reserved 1122304K
  class space    used 10911K, committed 11200K, reserved 1048576K
}
Event: 16.935 GC heap before
{Heap before GC invocations=29 (full 0):
 garbage-first heap   total 132096K, used 108838K [0x00000000a0000000, 0x0000000100000000)
  region size 1024K, 44 young (45056K), 5 survivors (5120K)
 Metaspace       used 81724K, committed 82368K, reserved 1122304K
  class space    used 11014K, committed 11328K, reserved 1048576K
}
Event: 16.943 GC heap after
{Heap after GC invocations=30 (full 0):
 garbage-first heap   total 132096K, used 72643K [0x00000000a0000000, 0x0000000100000000)
  region size 1024K, 6 young (6144K), 6 survivors (6144K)
 Metaspace       used 81724K, committed 82368K, reserved 1122304K
  class space    used 11014K, committed 11328K, reserved 1048576K
}
Event: 16.958 GC heap before
{Heap before GC invocations=30 (full 0):
 garbage-first heap   total 132096K, used 73667K [0x00000000a0000000, 0x0000000100000000)
  region size 1024K, 7 young (7168K), 6 survivors (6144K)
 Metaspace       used 81834K, committed 82496K, reserved 1122304K
  class space    used 11029K, committed 11328K, reserved 1048576K
}
Event: 16.965 GC heap after
{Heap after GC invocations=31 (full 0):
 garbage-first heap   total 132096K, used 72811K [0x00000000a0000000, 0x0000000100000000)
  region size 1024K, 1 young (1024K), 1 survivors (1024K)
 Metaspace       used 81834K, committed 82496K, reserved 1122304K
  class space    used 11029K, committed 11328K, reserved 1048576K
}
Event: 17.613 GC heap before
{Heap before GC invocations=31 (full 0):
 garbage-first heap   total 132096K, used 108651K [0x00000000a0000000, 0x0000000100000000)
  region size 1024K, 36 young (36864K), 1 survivors (1024K)
 Metaspace       used 85654K, committed 86336K, reserved 1130496K
  class space    used 11742K, committed 12032K, reserved 1048576K
}
Event: 17.617 GC heap after
{Heap after GC invocations=32 (full 0):
 garbage-first heap   total 132096K, used 74265K [0x00000000a0000000, 0x0000000100000000)
  region size 1024K, 3 young (3072K), 3 survivors (3072K)
 Metaspace       used 85654K, committed 86336K, reserved 1130496K
  class space    used 11742K, committed 12032K, reserved 1048576K
}
Event: 18.185 GC heap before
{Heap before GC invocations=33 (full 0):
 garbage-first heap   total 135168K, used 109081K [0x00000000a0000000, 0x0000000100000000)
  region size 1024K, 37 young (37888K), 3 survivors (3072K)
 Metaspace       used 88157K, committed 88832K, reserved 1130496K
  class space    used 12100K, committed 12416K, reserved 1048576K
}
Event: 18.190 GC heap after
{Heap after GC invocations=34 (full 0):
 garbage-first heap   total 135168K, used 77152K [0x00000000a0000000, 0x0000000100000000)
  region size 1024K, 5 young (5120K), 5 survivors (5120K)
 Metaspace       used 88157K, committed 88832K, reserved 1130496K
  class space    used 12100K, committed 12416K, reserved 1048576K
}
Event: 18.194 GC heap before
{Heap before GC invocations=34 (full 0):
 garbage-first heap   total 135168K, used 78176K [0x00000000a0000000, 0x0000000100000000)
  region size 1024K, 6 young (6144K), 5 survivors (5120K)
 Metaspace       used 88159K, committed 88832K, reserved 1130496K
  class space    used 12100K, committed 12416K, reserved 1048576K
}
Event: 18.201 GC heap after
{Heap after GC invocations=35 (full 0):
 garbage-first heap   total 135168K, used 77371K [0x00000000a0000000, 0x0000000100000000)
  region size 1024K, 1 young (1024K), 1 survivors (1024K)
 Metaspace       used 88159K, committed 88832K, reserved 1130496K
  class space    used 12100K, committed 12416K, reserved 1048576K
}
Event: 18.600 GC heap before
{Heap before GC invocations=35 (full 0):
 garbage-first heap   total 135168K, used 112187K [0x00000000a0000000, 0x0000000100000000)
  region size 1024K, 35 young (35840K), 1 survivors (1024K)
 Metaspace       used 90432K, committed 91136K, reserved 1130496K
  class space    used 12492K, committed 12800K, reserved 1048576K
}

